C:\Users\Toshiba\Desktop\DTMF\Debug\DTMF.pdb
C:\Users\Toshiba\Desktop\DTMF\DTMF\Debug\cl.command.1.tlog
C:\Users\Toshiba\Desktop\DTMF\DTMF\Debug\CL.read.1.tlog
C:\Users\Toshiba\Desktop\DTMF\DTMF\Debug\CL.write.1.tlog
C:\Users\Toshiba\Desktop\DTMF\DTMF\Debug\DTMF.exe.embed.manifest
C:\USERS\TOSHIBA\DESKTOP\DTMF\DTMF\DEBUG\DTMF.EXE.EMBED.MANIFEST.RES
C:\Users\Toshiba\Desktop\DTMF\DTMF\Debug\DTMF.exe.intermediate.manifest
C:\Users\Toshiba\Desktop\DTMF\DTMF\Debug\DTMF.vcxprojResolveAssemblyReference.cache
C:\Users\Toshiba\Desktop\DTMF\DTMF\Debug\DTMF.write.1.tlog
C:\Users\Toshiba\Desktop\DTMF\DTMF\Debug\DTMF_manifest.rc
C:\USERS\TOSHIBA\DESKTOP\DTMF\DTMF\DEBUG\DTMFDETECTOR.OBJ
C:\USERS\TOSHIBA\DESKTOP\DTMF\DTMF\DEBUG\DTMFGENERATOR.OBJ
C:\USERS\TOSHIBA\DESKTOP\DTMF\DTMF\DEBUG\EXAMPLE.OBJ
C:\Users\Toshiba\Desktop\DTMF\DTMF\Debug\link.command.1.tlog
C:\Users\Toshiba\Desktop\DTMF\DTMF\Debug\link.read.1.tlog
C:\Users\Toshiba\Desktop\DTMF\DTMF\Debug\link.write.1.tlog
C:\Users\Toshiba\Desktop\DTMF\DTMF\Debug\link-cvtres.read.1.tlog
C:\Users\Toshiba\Desktop\DTMF\DTMF\Debug\link-cvtres.write.1.tlog
C:\Users\Toshiba\Desktop\DTMF\DTMF\Debug\rc.command.1.tlog
C:\Users\Toshiba\Desktop\DTMF\DTMF\Debug\rc.read.1.tlog
C:\Users\Toshiba\Desktop\DTMF\DTMF\Debug\rc.write.1.tlog
C:\Users\Toshiba\Desktop\DTMF\DTMF\Debug\vc100.idb
C:\USERS\TOSHIBA\DESKTOP\DTMF\DTMF\DEBUG\VC100.PDB
