Build started 12/7/2013 9:45:40 AM.
     1>Project "C:\Users\Toshiba\Desktop\DTMF\DTMF_Cpp\DTMF_Cpp.vcxproj" on node 2 (build target(s)).
     1>InitializeBuildStatus:
         Creating "Debug\DTMF_Cpp.unsuccessfulbuild" because "AlwaysCreate" was specified.
       ClCompile:
         C:\Program Files (x86)\Microsoft Visual Studio 10.0\VC\bin\CL.exe /c /ZI /nologo /W3 /WX- /Od /Oy- /D WIN32 /D _DEBUG /D _CONSOLE /D _UNICODE /D UNICODE /Gm /EHsc /RTC1 /MDd /GS /fp:precise /Zc:wchar_t /Zc:forScope /Fo"Debug\\" /Fd"Debug\vc100.pdb" /Gd /TP /analyze- /errorReport:prompt Dtmf.cpp
         Dtmf.cpp
     1>c:\users\toshiba\desktop\dtmf\dtmf_cpp\dtmf.cpp(87): warning C4244: '=' : conversion from 'double' to 'int', possible loss of data
       ManifestResourceCompile:
         All outputs are up-to-date.
       Link:
         C:\Program Files (x86)\Microsoft Visual Studio 10.0\VC\bin\link.exe /ERRORREPORT:PROMPT /OUT:"C:\Users\Toshiba\Desktop\DTMF\Debug\DTMF_Cpp.exe" /INCREMENTAL /NOLOGO kernel32.lib user32.lib gdi32.lib winspool.lib comdlg32.lib advapi32.lib shell32.lib ole32.lib oleaut32.lib uuid.lib odbc32.lib odbccp32.lib /MANIFEST /ManifestFile:"Debug\DTMF_Cpp.exe.intermediate.manifest" /MANIFESTUAC:"level='asInvoker' uiAccess='false'" /DEBUG /PDB:"C:\Users\Toshiba\Desktop\DTMF\Debug\DTMF_Cpp.pdb" /SUBSYSTEM:CONSOLE /TLBID:1 /DYNAMICBASE /NXCOMPAT /IMPLIB:"C:\Users\Toshiba\Desktop\DTMF\Debug\DTMF_Cpp.lib" /MACHINE:X86 Debug\DTMF_Cpp.exe.embed.manifest.res
         Debug\Dtmf.obj
         Debug\main.obj
       Manifest:
         C:\Program Files (x86)\Microsoft SDKs\Windows\v7.0A\bin\mt.exe /nologo /verbose /out:"Debug\DTMF_Cpp.exe.embed.manifest" /manifest Debug\DTMF_Cpp.exe.intermediate.manifest
         All outputs are up-to-date.
       LinkEmbedManifest:
         All outputs are up-to-date.
         DTMF_Cpp.vcxproj -> C:\Users\Toshiba\Desktop\DTMF\Debug\DTMF_Cpp.exe
       FinalizeBuildStatus:
         Deleting file "Debug\DTMF_Cpp.unsuccessfulbuild".
         Touching "Debug\DTMF_Cpp.lastbuildstate".
     1>Done Building Project "C:\Users\Toshiba\Desktop\DTMF\DTMF_Cpp\DTMF_Cpp.vcxproj" (build target(s)).

Build succeeded.

Time Elapsed 00:00:01.48
